[
  {
    "line": 3,
    "elements": [
      {
        "before": [
          {
            "result": {
              "duration": 10032264400,
              "status": "passed"
            },
            "match": {
              "location": "BeforeActions.setUp()"
            }
          }
        ],
        "line": 7,
        "name": "buscamos para el nuevo automavil",
        "description": "",
        "id": "validamos-la-pagina-de-cars-de-busqueda;buscamos-para-el-nuevo-automavil",
        "after": [
          {
            "result": {
              "duration": 14200700,
              "error_message": "org.openqa.selenium.NoSuchWindowException: no such window: target window already closed\nfrom unknown error: web view not found\n  (Session info: chrome\u003d86.0.4240.198)\n  (Driver info: chromedriver\u003d2.40.565498 (ea082db3280dd6843ebfb08a625e3eb905c4f5ab),platform\u003dWindows NT 10.0.18363 x86_64) (WARNING: The server did not provide any stacktrace information)\nCommand duration or timeout: 0 milliseconds\nBuild info: version: \u00273.141.59\u0027, revision: \u0027e82be7d358\u0027, time: \u00272018-11-14T08:17:03\u0027\nSystem info: host: \u0027LAPTOP-UCE2Q720\u0027, ip: \u0027192.168.0.18\u0027, os.name: \u0027Windows 10\u0027, os.arch: \u0027amd64\u0027, os.version: \u002710.0\u0027, java.version: \u00271.8.0_241\u0027\nDriver info: org.openqa.selenium.chrome.ChromeDriver\nCapabilities {acceptInsecureCerts: false, acceptSslCerts: false, applicationCacheEnabled: false, browserConnectionEnabled: false, browserName: chrome, chrome: {chromedriverVersion: 2.40.565498 (ea082db3280dd6..., userDataDir: C:\\Users\\manue\\AppData\\Loca...}, cssSelectorsEnabled: true, databaseEnabled: false, handlesAlerts: true, hasTouchScreen: false, javascriptEnabled: true, locationContextEnabled: true, mobileEmulationEnabled: false, nativeEvents: true, networkConnectionEnabled: false, pageLoadStrategy: normal, platform: XP, platformName: XP, rotatable: false, setWindowRect: true, takesHeapSnapshot: true, takesScreenshot: true, unexpectedAlertBehaviour: , unhandledPromptBehavior: , version: 86.0.4240.198, webStorageEnabled: true}\nSession ID: 20b2152e1f20071ba59f7a0140babb89\r\n\tat sun.reflect.NativeConstructorAccessorImpl.newInstance0(Native Method)\r\n\tat sun.reflect.NativeConstructorAccessorImpl.newInstance(NativeConstructorAccessorImpl.java:62)\r\n\tat sun.reflect.DelegatingConstructorAccessorImpl.newInstance(DelegatingConstructorAccessorImpl.java:45)\r\n\tat java.lang.reflect.Constructor.newInstance(Constructor.java:423)\r\n\tat org.openqa.selenium.remote.ErrorHandler.createThrowable(ErrorHandler.java:214)\r\n\tat org.openqa.selenium.remote.ErrorHandler.throwIfResponseFailed(ErrorHandler.java:166)\r\n\tat org.openqa.selenium.remote.http.JsonHttpResponseCodec.reconstructValue(JsonHttpResponseCodec.java:40)\r\n\tat org.openqa.selenium.remote.http.AbstractHttpResponseCodec.decode(AbstractHttpResponseCodec.java:80)\r\n\tat org.openqa.selenium.remote.http.AbstractHttpResponseCodec.decode(AbstractHttpResponseCodec.java:44)\r\n\tat org.openqa.selenium.remote.HttpCommandExecutor.execute(HttpCommandExecutor.java:158)\r\n\tat org.openqa.selenium.remote.service.DriverCommandExecutor.execute(DriverCommandExecutor.java:83)\r\n\tat org.openqa.selenium.remote.RemoteWebDriver.execute(RemoteWebDriver.java:552)\r\n\tat org.openqa.selenium.remote.RemoteWebDriver.execute(RemoteWebDriver.java:609)\r\n\tat org.openqa.selenium.remote.RemoteWebDriver.getScreenshotAs(RemoteWebDriver.java:295)\r\n\tat steps.AfterActions.tearDown(AfterActions.java:17)\r\n\tat sun.reflect.NativeMethodAccessorImpl.invoke0(Native Method)\r\n\tat sun.reflect.NativeMethodAccessorImpl.invoke(NativeMethodAccessorImpl.java:62)\r\n\tat sun.reflect.DelegatingMethodAccessorImpl.invoke(DelegatingMethodAccessorImpl.java:43)\r\n\tat java.lang.reflect.Method.invoke(Method.java:498)\r\n\tat cucumber.runtime.Utils$1.call(Utils.java:40)\r\n\tat cucumber.runtime.Timeout.timeout(Timeout.java:16)\r\n\tat cucumber.runtime.Utils.invoke(Utils.java:34)\r\n\tat cucumber.runtime.java.JavaHookDefinition.execute(JavaHookDefinition.java:60)\r\n\tat cucumber.runtime.Runtime.runHookIfTagsMatch(Runtime.java:224)\r\n\tat cucumber.runtime.Runtime.runHooks(Runtime.java:212)\r\n\tat cucumber.runtime.Runtime.runAfterHooks(Runtime.java:206)\r\n\tat cucumber.runtime.model.CucumberScenario.run(CucumberScenario.java:46)\r\n\tat cucumber.runtime.model.CucumberFeature.run(CucumberFeature.java:165)\r\n\tat cucumber.api.testng.TestNGCucumberRunner.runCucumber(TestNGCucumberRunner.java:63)\r\n\tat cucumber.api.testng.AbstractTestNGCucumberTests.feature(AbstractTestNGCucumberTests.java:21)\r\n\tat sun.reflect.NativeMethodAccessorImpl.invoke0(Native Method)\r\n\tat sun.reflect.NativeMethodAccessorImpl.invoke(NativeMethodAccessorImpl.java:62)\r\n\tat sun.reflect.DelegatingMethodAccessorImpl.invoke(DelegatingMethodAccessorImpl.java:43)\r\n\tat java.lang.reflect.Method.invoke(Method.java:498)\r\n\tat org.testng.internal.MethodInvocationHelper.invokeMethod(MethodInvocationHelper.java:134)\r\n\tat org.testng.internal.TestInvoker.invokeMethod(TestInvoker.java:597)\r\n\tat org.testng.internal.TestInvoker.invokeTestMethod(TestInvoker.java:173)\r\n\tat org.testng.internal.MethodRunner.runInSequence(MethodRunner.java:46)\r\n\tat org.testng.internal.TestInvoker$MethodInvocationAgent.invoke(TestInvoker.java:816)\r\n\tat org.testng.internal.TestInvoker.invokeTestMethods(TestInvoker.java:146)\r\n\tat org.testng.internal.TestMethodWorker.invokeTestMethods(TestMethodWorker.java:146)\r\n\tat org.testng.internal.TestMethodWorker.run(TestMethodWorker.java:128)\r\n\tat java.util.ArrayList.forEach(ArrayList.java:1257)\r\n\tat org.testng.TestRunner.privateRun(TestRunner.java:766)\r\n\tat org.testng.TestRunner.run(TestRunner.java:587)\r\n\tat org.testng.SuiteRunner.runTest(SuiteRunner.java:384)\r\n\tat org.testng.SuiteRunner.runSequentially(SuiteRunner.java:378)\r\n\tat org.testng.SuiteRunner.privateRun(SuiteRunner.java:337)\r\n\tat org.testng.SuiteRunner.run(SuiteRunner.java:286)\r\n\tat org.testng.SuiteRunnerWorker.runSuite(SuiteRunnerWorker.java:53)\r\n\tat org.testng.SuiteRunnerWorker.run(SuiteRunnerWorker.java:96)\r\n\tat org.testng.TestNG.runSuitesSequentially(TestNG.java:1187)\r\n\tat org.testng.TestNG.runSuitesLocally(TestNG.java:1109)\r\n\tat org.testng.TestNG.runSuites(TestNG.java:1039)\r\n\tat org.testng.TestNG.run(TestNG.java:1007)\r\n\tat org.testng.remote.AbstractRemoteTestNG.run(AbstractRemoteTestNG.java:115)\r\n\tat org.testng.remote.RemoteTestNG.initAndRun(RemoteTestNG.java:251)\r\n\tat org.testng.remote.RemoteTestNG.main(RemoteTestNG.java:77)\r\n",
              "status": "failed"
            },
            "match": {
              "location": "AfterActions.tearDown(Scenario)"
            }
          }
        ],
        "type": "scenario",
        "keyword": "Scenario",
        "steps": [
          {
            "result": {
              "duration": 3391136300,
              "status": "passed"
            },
            "line": 8,
            "name": "Estamos en la pagina \"http://www.carsguide.com.au\" del sitio web CARSGUIDE",
            "match": {
              "arguments": [
                {
                  "val": "http://www.carsguide.com.au",
                  "offset": 22
                }
              ],
              "location": "Search_Cars.estamos_en_la_pagina_del_sitio_web_CARSGUIDE(String)"
            },
            "keyword": "Given "
          },
          {
            "result": {
              "duration": 106127800,
              "status": "passed"
            },
            "line": 9,
            "name": "Nos movemos por el menu",
            "match": {
              "location": "Search_Cars.nos_movemos_por_el_menu(String\u003e)"
            },
            "rows": [
              {
                "cells": [
                  "Menu"
                ],
                "line": 10
              },
              {
                "cells": [
                  "buy + sell"
                ],
                "line": 11
              }
            ],
            "keyword": "When "
          },
          {
            "result": {
              "duration": 3224974700,
              "status": "passed"
            },
            "line": 12,
            "name": "hacemos click a \"Search Cars\"",
            "match": {
              "arguments": [
                {
                  "val": "Search Cars",
                  "offset": 17
                }
              ],
              "location": "Search_Cars.hacemos_click_a(String)"
            },
            "keyword": "And "
          },
          {
            "result": {
              "duration": 54045900,
              "status": "passed"
            },
            "line": 13,
            "name": "verificamos que estemos en la pagina SerchCars",
            "match": {
              "location": "Search_Cars.verificamos_que_estemos_en_la_pagina_SerchCars()"
            },
            "keyword": "Then "
          },
          {
            "result": {
              "duration": 143617600,
              "status": "passed"
            },
            "line": 14,
            "name": "Y seleccionamos Any Make por \"BMW\"",
            "match": {
              "arguments": [
                {
                  "val": "BMW",
                  "offset": 30
                }
              ],
              "location": "Search_Cars.y_seleccionamos_Any_Make_por(String)"
            },
            "keyword": "And "
          },
          {
            "result": {
              "duration": 1218642400,
              "error_message": "org.openqa.selenium.NoSuchElementException: Cannot locate option with value: 1 Series M\nFor documentation on this error, please visit: https://www.seleniumhq.org/exceptions/no_such_element.html\nBuild info: version: \u00273.141.59\u0027, revision: \u0027e82be7d358\u0027, time: \u00272018-11-14T08:17:03\u0027\nSystem info: host: \u0027LAPTOP-UCE2Q720\u0027, ip: \u0027192.168.0.18\u0027, os.name: \u0027Windows 10\u0027, os.arch: \u0027amd64\u0027, os.version: \u002710.0\u0027, java.version: \u00271.8.0_241\u0027\nDriver info: driver.version: SeleniumDriver\r\n\tat org.openqa.selenium.support.ui.Select.findOptionsByValue(Select.java:283)\r\n\tat org.openqa.selenium.support.ui.Select.selectByValue(Select.java:186)\r\n\tat util.SeleniumDriver.selectValue(SeleniumDriver.java:106)\r\n\tat page.actions.SearchPageActions.selectModels(SearchPageActions.java:25)\r\n\tat steps.Search_Cars.volvemos_a_selecionar_Select_Model_por(Search_Cars.java:58)\r\n\tat ✽.And Volvemos a selecionar Select Model por \"1 Series M\"(SearchCars.feature:15)\r\n",
              "status": "failed"
            },
            "line": 15,
            "name": "Volvemos a selecionar Select Model por \"1 Series M\"",
            "match": {
              "arguments": [
                {
                  "val": "1 Series M",
                  "offset": 40
                }
              ],
              "location": "Search_Cars.volvemos_a_selecionar_Select_Model_por(String)"
            },
            "keyword": "And "
          },
          {
            "result": {
              "status": "skipped"
            },
            "line": 16,
            "name": "Seleccionamos Any Location as \"ACT - All\"",
            "match": {
              "arguments": [
                {
                  "val": "ACT - All",
                  "offset": 31
                }
              ],
              "location": "Search_Cars.seleccionamos_Any_Location_as(String)"
            },
            "keyword": "And "
          },
          {
            "result": {
              "status": "skipped"
            },
            "line": 17,
            "name": "Selecionamos Price por \"$1,000\"",
            "match": {
              "arguments": [
                {
                  "val": "$1,000",
                  "offset": 24
                }
              ],
              "location": "Search_Cars.selecionamos_Price_por(String)"
            },
            "keyword": "And "
          },
          {
            "result": {
              "status": "skipped"
            },
            "line": 18,
            "name": "Hacemos click a Find_My_Next_Cars",
            "match": {
              "location": "Search_Cars.hacemos_click_a_Find_My_Next_Cars()"
            },
            "keyword": "And "
          },
          {
            "result": {
              "status": "skipped"
            },
            "line": 19,
            "name": "Deberia ver la lista de los coches buscados",
            "match": {
              "location": "Search_Cars.deberia_ver_la_lista_de_los_coches_buscados()"
            },
            "keyword": "Then "
          },
          {
            "result": {
              "status": "skipped"
            },
            "line": 20,
            "name": "la pagina deberia aparecer \"Bmw 1 Series M Under 1000 for Sale ACT | carsguide\"",
            "match": {
              "arguments": [
                {
                  "val": "Bmw 1 Series M Under 1000 for Sale ACT | carsguide",
                  "offset": 28
                }
              ],
              "location": "Search_Cars.la_pagina_deberia_aparecer(String)"
            },
            "keyword": "And "
          }
        ],
        "tags": [
          {
            "line": 6,
            "name": "@Busqueda-cars-positive"
          }
        ]
      }
    ],
    "name": "validamos la pagina de cars de busqueda",
    "description": "En orden para validar la busqueda de automovil\r\nI navigate http://www.carsguide.com.au",
    "id": "validamos-la-pagina-de-cars-de-busqueda",
    "keyword": "Feature",
    "uri": "SearchCars.feature",
    "tags": [
      {
        "line": 2,
        "name": "@Busqueda-cars"
      }
    ]
  },
  {
    "line": 2,
    "elements": [
      {
        "before": [
          {
            "result": {
              "duration": 39100,
              "status": "passed"
            },
            "match": {
              "location": "BeforeActions.setUp()"
            }
          }
        ],
        "line": 7,
        "name": "usando busqueda para el nuevo automavil",
        "description": "",
        "id": "validamos-la-pagina-de-cars-de-busqueda;usando-busqueda-para-el-nuevo-automavil",
        "after": [
          {
            "result": {
              "duration": 2204600,
              "error_message": "org.openqa.selenium.NoSuchWindowException: no such window: target window already closed\nfrom unknown error: web view not found\n  (Session info: chrome\u003d86.0.4240.198)\n  (Driver info: chromedriver\u003d2.40.565498 (ea082db3280dd6843ebfb08a625e3eb905c4f5ab),platform\u003dWindows NT 10.0.18363 x86_64) (WARNING: The server did not provide any stacktrace information)\nCommand duration or timeout: 0 milliseconds\nBuild info: version: \u00273.141.59\u0027, revision: \u0027e82be7d358\u0027, time: \u00272018-11-14T08:17:03\u0027\nSystem info: host: \u0027LAPTOP-UCE2Q720\u0027, ip: \u0027192.168.0.18\u0027, os.name: \u0027Windows 10\u0027, os.arch: \u0027amd64\u0027, os.version: \u002710.0\u0027, java.version: \u00271.8.0_241\u0027\nDriver info: org.openqa.selenium.chrome.ChromeDriver\nCapabilities {acceptInsecureCerts: false, acceptSslCerts: false, applicationCacheEnabled: false, browserConnectionEnabled: false, browserName: chrome, chrome: {chromedriverVersion: 2.40.565498 (ea082db3280dd6..., userDataDir: C:\\Users\\manue\\AppData\\Loca...}, cssSelectorsEnabled: true, databaseEnabled: false, handlesAlerts: true, hasTouchScreen: false, javascriptEnabled: true, locationContextEnabled: true, mobileEmulationEnabled: false, nativeEvents: true, networkConnectionEnabled: false, pageLoadStrategy: normal, platform: XP, platformName: XP, rotatable: false, setWindowRect: true, takesHeapSnapshot: true, takesScreenshot: true, unexpectedAlertBehaviour: , unhandledPromptBehavior: , version: 86.0.4240.198, webStorageEnabled: true}\nSession ID: 20b2152e1f20071ba59f7a0140babb89\r\n\tat sun.reflect.NativeConstructorAccessorImpl.newInstance0(Native Method)\r\n\tat sun.reflect.NativeConstructorAccessorImpl.newInstance(NativeConstructorAccessorImpl.java:62)\r\n\tat sun.reflect.DelegatingConstructorAccessorImpl.newInstance(DelegatingConstructorAccessorImpl.java:45)\r\n\tat java.lang.reflect.Constructor.newInstance(Constructor.java:423)\r\n\tat org.openqa.selenium.remote.ErrorHandler.createThrowable(ErrorHandler.java:214)\r\n\tat org.openqa.selenium.remote.ErrorHandler.throwIfResponseFailed(ErrorHandler.java:166)\r\n\tat org.openqa.selenium.remote.http.JsonHttpResponseCodec.reconstructValue(JsonHttpResponseCodec.java:40)\r\n\tat org.openqa.selenium.remote.http.AbstractHttpResponseCodec.decode(AbstractHttpResponseCodec.java:80)\r\n\tat org.openqa.selenium.remote.http.AbstractHttpResponseCodec.decode(AbstractHttpResponseCodec.java:44)\r\n\tat org.openqa.selenium.remote.HttpCommandExecutor.execute(HttpCommandExecutor.java:158)\r\n\tat org.openqa.selenium.remote.service.DriverCommandExecutor.execute(DriverCommandExecutor.java:83)\r\n\tat org.openqa.selenium.remote.RemoteWebDriver.execute(RemoteWebDriver.java:552)\r\n\tat org.openqa.selenium.remote.RemoteWebDriver.execute(RemoteWebDriver.java:609)\r\n\tat org.openqa.selenium.remote.RemoteWebDriver.getScreenshotAs(RemoteWebDriver.java:295)\r\n\tat steps.AfterActions.tearDown(AfterActions.java:17)\r\n\tat sun.reflect.NativeMethodAccessorImpl.invoke0(Native Method)\r\n\tat sun.reflect.NativeMethodAccessorImpl.invoke(NativeMethodAccessorImpl.java:62)\r\n\tat sun.reflect.DelegatingMethodAccessorImpl.invoke(DelegatingMethodAccessorImpl.java:43)\r\n\tat java.lang.reflect.Method.invoke(Method.java:498)\r\n\tat cucumber.runtime.Utils$1.call(Utils.java:40)\r\n\tat cucumber.runtime.Timeout.timeout(Timeout.java:16)\r\n\tat cucumber.runtime.Utils.invoke(Utils.java:34)\r\n\tat cucumber.runtime.java.JavaHookDefinition.execute(JavaHookDefinition.java:60)\r\n\tat cucumber.runtime.Runtime.runHookIfTagsMatch(Runtime.java:224)\r\n\tat cucumber.runtime.Runtime.runHooks(Runtime.java:212)\r\n\tat cucumber.runtime.Runtime.runAfterHooks(Runtime.java:206)\r\n\tat cucumber.runtime.model.CucumberScenario.run(CucumberScenario.java:46)\r\n\tat cucumber.runtime.model.CucumberFeature.run(CucumberFeature.java:165)\r\n\tat cucumber.api.testng.TestNGCucumberRunner.runCucumber(TestNGCucumberRunner.java:63)\r\n\tat cucumber.api.testng.AbstractTestNGCucumberTests.feature(AbstractTestNGCucumberTests.java:21)\r\n\tat sun.reflect.NativeMethodAccessorImpl.invoke0(Native Method)\r\n\tat sun.reflect.NativeMethodAccessorImpl.invoke(NativeMethodAccessorImpl.java:62)\r\n\tat sun.reflect.DelegatingMethodAccessorImpl.invoke(DelegatingMethodAccessorImpl.java:43)\r\n\tat java.lang.reflect.Method.invoke(Method.java:498)\r\n\tat org.testng.internal.MethodInvocationHelper.invokeMethod(MethodInvocationHelper.java:134)\r\n\tat org.testng.internal.TestInvoker.invokeMethod(TestInvoker.java:597)\r\n\tat org.testng.internal.TestInvoker.invokeTestMethod(TestInvoker.java:173)\r\n\tat org.testng.internal.MethodRunner.runInSequence(MethodRunner.java:46)\r\n\tat org.testng.internal.TestInvoker$MethodInvocationAgent.invoke(TestInvoker.java:816)\r\n\tat org.testng.internal.TestInvoker.invokeTestMethods(TestInvoker.java:146)\r\n\tat org.testng.internal.TestMethodWorker.invokeTestMethods(TestMethodWorker.java:146)\r\n\tat org.testng.internal.TestMethodWorker.run(TestMethodWorker.java:128)\r\n\tat java.util.ArrayList.forEach(ArrayList.java:1257)\r\n\tat org.testng.TestRunner.privateRun(TestRunner.java:766)\r\n\tat org.testng.TestRunner.run(TestRunner.java:587)\r\n\tat org.testng.SuiteRunner.runTest(SuiteRunner.java:384)\r\n\tat org.testng.SuiteRunner.runSequentially(SuiteRunner.java:378)\r\n\tat org.testng.SuiteRunner.privateRun(SuiteRunner.java:337)\r\n\tat org.testng.SuiteRunner.run(SuiteRunner.java:286)\r\n\tat org.testng.SuiteRunnerWorker.runSuite(SuiteRunnerWorker.java:53)\r\n\tat org.testng.SuiteRunnerWorker.run(SuiteRunnerWorker.java:96)\r\n\tat org.testng.TestNG.runSuitesSequentially(TestNG.java:1187)\r\n\tat org.testng.TestNG.runSuitesLocally(TestNG.java:1109)\r\n\tat org.testng.TestNG.runSuites(TestNG.java:1039)\r\n\tat org.testng.TestNG.run(TestNG.java:1007)\r\n\tat org.testng.remote.AbstractRemoteTestNG.run(AbstractRemoteTestNG.java:115)\r\n\tat org.testng.remote.RemoteTestNG.initAndRun(RemoteTestNG.java:251)\r\n\tat org.testng.remote.RemoteTestNG.main(RemoteTestNG.java:77)\r\n",
              "status": "failed"
            },
            "match": {
              "location": "AfterActions.tearDown(Scenario)"
            }
          }
        ],
        "type": "scenario",
        "keyword": "Scenario",
        "steps": [
          {
            "result": {
              "duration": 6128800,
              "error_message": "org.openqa.selenium.NoSuchWindowException: no such window: target window already closed\nfrom unknown error: web view not found\n  (Session info: chrome\u003d86.0.4240.198)\n  (Driver info: chromedriver\u003d2.40.565498 (ea082db3280dd6843ebfb08a625e3eb905c4f5ab),platform\u003dWindows NT 10.0.18363 x86_64) (WARNING: The server did not provide any stacktrace information)\nCommand duration or timeout: 0 milliseconds\nBuild info: version: \u00273.141.59\u0027, revision: \u0027e82be7d358\u0027, time: \u00272018-11-14T08:17:03\u0027\nSystem info: host: \u0027LAPTOP-UCE2Q720\u0027, ip: \u0027192.168.0.18\u0027, os.name: \u0027Windows 10\u0027, os.arch: \u0027amd64\u0027, os.version: \u002710.0\u0027, java.version: \u00271.8.0_241\u0027\nDriver info: org.openqa.selenium.chrome.ChromeDriver\nCapabilities {acceptInsecureCerts: false, acceptSslCerts: false, applicationCacheEnabled: false, browserConnectionEnabled: false, browserName: chrome, chrome: {chromedriverVersion: 2.40.565498 (ea082db3280dd6..., userDataDir: C:\\Users\\manue\\AppData\\Loca...}, cssSelectorsEnabled: true, databaseEnabled: false, handlesAlerts: true, hasTouchScreen: false, javascriptEnabled: true, locationContextEnabled: true, mobileEmulationEnabled: false, nativeEvents: true, networkConnectionEnabled: false, pageLoadStrategy: normal, platform: XP, platformName: XP, rotatable: false, setWindowRect: true, takesHeapSnapshot: true, takesScreenshot: true, unexpectedAlertBehaviour: , unhandledPromptBehavior: , version: 86.0.4240.198, webStorageEnabled: true}\nSession ID: 20b2152e1f20071ba59f7a0140babb89\r\n\tat sun.reflect.NativeConstructorAccessorImpl.newInstance0(Native Method)\r\n\tat sun.reflect.NativeConstructorAccessorImpl.newInstance(NativeConstructorAccessorImpl.java:62)\r\n\tat sun.reflect.DelegatingConstructorAccessorImpl.newInstance(DelegatingConstructorAccessorImpl.java:45)\r\n\tat java.lang.reflect.Constructor.newInstance(Constructor.java:423)\r\n\tat org.openqa.selenium.remote.ErrorHandler.createThrowable(ErrorHandler.java:214)\r\n\tat org.openqa.selenium.remote.ErrorHandler.throwIfResponseFailed(ErrorHandler.java:166)\r\n\tat org.openqa.selenium.remote.http.JsonHttpResponseCodec.reconstructValue(JsonHttpResponseCodec.java:40)\r\n\tat org.openqa.selenium.remote.http.AbstractHttpResponseCodec.decode(AbstractHttpResponseCodec.java:80)\r\n\tat org.openqa.selenium.remote.http.AbstractHttpResponseCodec.decode(AbstractHttpResponseCodec.java:44)\r\n\tat org.openqa.selenium.remote.HttpCommandExecutor.execute(HttpCommandExecutor.java:158)\r\n\tat org.openqa.selenium.remote.service.DriverCommandExecutor.execute(DriverCommandExecutor.java:83)\r\n\tat org.openqa.selenium.remote.RemoteWebDriver.execute(RemoteWebDriver.java:552)\r\n\tat org.openqa.selenium.remote.RemoteWebDriver.get(RemoteWebDriver.java:277)\r\n\tat util.SeleniumDriver.openPage(SeleniumDriver.java:40)\r\n\tat steps.Search_Cars.estamos_en_la_pagina_del_sitio_web_CARSGUIDE(Search_Cars.java:29)\r\n\tat ✽.Given Estamos en la pagina \"http://www.carsguide.com.au\" del sitio web CARSGUIDE(UsedSearchCars.feature:8)\r\n",
              "status": "failed"
            },
            "line": 8,
            "name": "Estamos en la pagina \"http://www.carsguide.com.au\" del sitio web CARSGUIDE",
            "match": {
              "arguments": [
                {
                  "val": "http://www.carsguide.com.au",
                  "offset": 22
                }
              ],
              "location": "Search_Cars.estamos_en_la_pagina_del_sitio_web_CARSGUIDE(String)"
            },
            "keyword": "Given "
          },
          {
            "result": {
              "status": "skipped"
            },
            "line": 9,
            "name": "Nos movemos por el menu",
            "match": {
              "location": "Search_Cars.nos_movemos_por_el_menu(String\u003e)"
            },
            "rows": [
              {
                "cells": [
                  "Menu"
                ],
                "line": 10
              },
              {
                "cells": [
                  "buy + sell"
                ],
                "line": 11
              }
            ],
            "keyword": "When "
          },
          {
            "result": {
              "status": "skipped"
            },
            "line": 12,
            "name": "hacemos click a \"Used\" para el menu used",
            "match": {
              "arguments": [
                {
                  "val": "Used",
                  "offset": 17
                }
              ],
              "location": "Used_Cars.hacemos_click_a(String)"
            },
            "keyword": "And "
          },
          {
            "result": {
              "status": "skipped"
            },
            "line": 13,
            "name": "verificamos que estemos en la pagina \"Used Cars For Sale\" used",
            "match": {
              "arguments": [
                {
                  "val": "Used Cars For Sale",
                  "offset": 38
                }
              ],
              "location": "Used_Cars.verificamos_que_estemos_en_la_pagina(String)"
            },
            "keyword": "Then "
          },
          {
            "result": {
              "status": "skipped"
            },
            "line": 14,
            "name": "Y seleccionamos Any Make por \"Audi\" used",
            "match": {
              "arguments": [
                {
                  "val": "Audi",
                  "offset": 30
                }
              ],
              "location": "Used_Cars.y_seleccionamos_Any_Make_por(String)"
            },
            "keyword": "And "
          },
          {
            "result": {
              "status": "skipped"
            },
            "line": 15,
            "name": "select car model used",
            "match": {
              "location": "Used_Cars.select_car_model(String\u003e)"
            },
            "rows": [
              {
                "cells": [
                  "carModel"
                ],
                "line": 16
              },
              {
                "cells": [
                  "A4"
                ],
                "line": 17
              },
              {
                "cells": [
                  "A3"
                ],
                "line": 18
              }
            ],
            "keyword": "And "
          },
          {
            "result": {
              "status": "skipped"
            },
            "line": 19,
            "name": "Seleccionamos Any Location as \"ACT - All\" used",
            "match": {
              "arguments": [
                {
                  "val": "ACT - All",
                  "offset": 31
                }
              ],
              "location": "Used_Cars.seleccionamos_Any_Location_as(String)"
            },
            "keyword": "And "
          },
          {
            "result": {
              "status": "skipped"
            },
            "line": 20,
            "name": "Selecionamos Price por \"$10,000\" used",
            "match": {
              "arguments": [
                {
                  "val": "$10,000",
                  "offset": 24
                }
              ],
              "location": "Used_Cars.selecionamos_Price_por(String)"
            },
            "keyword": "And "
          },
          {
            "result": {
              "status": "skipped"
            },
            "line": 21,
            "name": "Hacemos click a Find_My_Next_Cars used",
            "match": {
              "location": "Used_Cars.hacemos_click_a_Find_My_Next_Cars()"
            },
            "keyword": "And "
          },
          {
            "result": {
              "status": "skipped"
            },
            "comments": [
              {
                "line": 22,
                "value": "#Then Deberia ver la lista de los coches buscados"
              }
            ],
            "line": 23,
            "name": "pagina deberia aparecer \"Used Audi A4 Under 10000 for Sale ACT | carsguide\" used",
            "match": {
              "arguments": [
                {
                  "val": "Used Audi A4 Under 10000 for Sale ACT | carsguide",
                  "offset": 25
                }
              ],
              "location": "Used_Cars.pagina_deberia_aparecer(String)"
            },
            "keyword": "And "
          }
        ],
        "tags": [
          {
            "line": 6,
            "name": "@usuando-Busqueda-cars-positive"
          }
        ]
      }
    ],
    "name": "validamos la pagina de cars de busqueda",
    "description": "En orden para validar la busqueda de automovil\r\nI navigate http://www.carsguide.com.au",
    "id": "validamos-la-pagina-de-cars-de-busqueda",
    "keyword": "Feature",
    "uri": "UsedSearchCars.feature",
    "tags": [
      {
        "line": 1,
        "name": "@usando-Busqueda-cars"
      }
    ]
  }
]